[2025-07-20 22:26:22] INFO - gtn_logger - GTN count: 36 
 employee_ids: ['1000', '1001', '1002', '1003', '1004', '1005', '1006', '1007', '1008', '1009', '1010', '1011', '1012', '1013', '1014', '1015', '1016', '1017', '1018', '1019', '1020', '1021', '1022', '1023', '1024', '1025', '1026', '1027', '1028', '1029', '1030', '1031', '1032', '1033', '1034', '1035']
[2025-07-20 22:26:22] INFO - gtn_logger - Payrun count: 36 
 employee_ids: ['1000.0', '1001.0', '1002.0', '1003.0', '1004.0', '1005.0', '1006.0', '1007.0', '1008.0', '1009.0', '1010.0', '1011.0', '1012.0', '1013.0', '1014.0', '1015.0', '1016.0', '1017.0', '1018.0', '1019.0', '1020.0', '1021.0', '1022.0', '1023.0', '1024.0', '1025.0', '1026.0', '1027.0', '1028.0', '1029.0', '1030.0', '1031.0', '1032.0', '1033.0', '1034.0', '1035.0']
[2025-07-20 22:26:22] INFO - gtn_logger - 
GTN elements: ['salary', 'element1', 'element2', 'element3', 'element4', 'element5', 'element6', 'element7', 'element8', 'element9', 'element10']
[2025-07-20 22:26:22] INFO - gtn_logger - Payrun elements (combined): ['Add pay (Stay Overs)', 'Advance', 'Annual Salary', 'BIK Company Car', 'BIK Health', 'BIK Health Deduction / BIK Health', 'BIK Voucher Deduction', 'BIK Voucher Payment', 'Backpay', 'Basic Pay / SalaryUK', 'Bonus', 'Business Unit', 'Commission', 'Company', 'Company Code', 'Cost Center', 'Country', 'Currency', 'Department', 'Effective Date', 'Employee Deductions', 'Employee ID', 'Employee Net Deductions', 'Employer Contributions', 'End Date', 'Enhanced AL', 'Enhanced Annual Leave', 'First Name', 'From Date', 'Gross Pay', 'Holiday Pay / Holiday pay', 'Last Name', 'Management P&L', 'National Insurance EE', 'National Insurance ER', 'Net Income', 'Net Pay', 'Ni Category Letter', 'Notes', 'Other Employee ID', 'Overtime', 'PILON', 'Pay Date', 'Pay elements', 'Paygroup', 'Payment Type', 'Payroll', 'Pension ER', 'Post Tax Pension EE', 'Regular Overtime', 'Start Date', 'Statutory Redundancy', 'Student Loan', 'System Employee ID', 'Tax', 'Tax Code', 'Time and Attendance', 'To Date', 'Total Employer Cost', 'Total Taxable Income']
[2025-07-20 22:26:22] INFO - gtn_logger - 
Sample payrun data:
   Basic Pay / SalaryUK  BIK Health  ...  National Insurance ER  Pension ER
0               3277.67       52.23  ...                    NaN         NaN
1               2525.50         NaN  ...                    NaN         NaN
2               6166.67       65.39  ...                    NaN         NaN
3               2250.00         NaN  ...                    NaN         NaN
4               2619.58         NaN  ...                    NaN         NaN

[5 rows x 23 columns]
[2025-07-20 22:28:21] INFO - gtn_logger - GTN file loaded successfully
[2025-07-20 22:28:21] INFO - gtn_logger - GTN count: 36 
 employee_ids: ['1000', '1001', '1002', '1003', '1004', '1005', '1006', '1007', '1008', '1009', '1010', '1011', '1012', '1013', '1014', '1015', '1016', '1017', '1018', '1019', '1020', '1021', '1022', '1023', '1024', '1025', '1026', '1027', '1028', '1029', '1030', '1031', '1032', '1033', '1034', '1035']
[2025-07-20 22:28:21] INFO - gtn_logger - Payrun count: 36 
 employee_ids: ['1000.0', '1001.0', '1002.0', '1003.0', '1004.0', '1005.0', '1006.0', '1007.0', '1008.0', '1009.0', '1010.0', '1011.0', '1012.0', '1013.0', '1014.0', '1015.0', '1016.0', '1017.0', '1018.0', '1019.0', '1020.0', '1021.0', '1022.0', '1023.0', '1024.0', '1025.0', '1026.0', '1027.0', '1028.0', '1029.0', '1030.0', '1031.0', '1032.0', '1033.0', '1034.0', '1035.0']
[2025-07-20 22:28:21] INFO - gtn_logger - 
GTN elements: ['salary', 'element1', 'element2', 'element3', 'element4', 'element5', 'element6', 'element7', 'element8', 'element9', 'element10']
[2025-07-20 22:28:21] INFO - gtn_logger - Payrun elements (combined): ['Add pay (Stay Overs)', 'Advance', 'Annual Salary', 'BIK Company Car', 'BIK Health', 'BIK Health Deduction / BIK Health', 'BIK Voucher Deduction', 'BIK Voucher Payment', 'Backpay', 'Basic Pay / SalaryUK', 'Bonus', 'Business Unit', 'Commission', 'Company', 'Company Code', 'Cost Center', 'Country', 'Currency', 'Department', 'Effective Date', 'Employee Deductions', 'Employee ID', 'Employee Net Deductions', 'Employer Contributions', 'End Date', 'Enhanced AL', 'Enhanced Annual Leave', 'First Name', 'From Date', 'Gross Pay', 'Holiday Pay / Holiday pay', 'Last Name', 'Management P&L', 'National Insurance EE', 'National Insurance ER', 'Net Income', 'Net Pay', 'Ni Category Letter', 'Notes', 'Other Employee ID', 'Overtime', 'PILON', 'Pay Date', 'Pay elements', 'Paygroup', 'Payment Type', 'Payroll', 'Pension ER', 'Post Tax Pension EE', 'Regular Overtime', 'Start Date', 'Statutory Redundancy', 'Student Loan', 'System Employee ID', 'Tax', 'Tax Code', 'Time and Attendance', 'To Date', 'Total Employer Cost', 'Total Taxable Income']
[2025-07-20 22:28:21] INFO - gtn_logger - 
Sample payrun data:
   Basic Pay / SalaryUK  BIK Health  ...  National Insurance ER  Pension ER
0               3277.67       52.23  ...                    NaN         NaN
1               2525.50         NaN  ...                    NaN         NaN
2               6166.67       65.39  ...                    NaN         NaN
3               2250.00         NaN  ...                    NaN         NaN
4               2619.58         NaN  ...                    NaN         NaN

[5 rows x 23 columns]
[2025-07-20 22:28:52] INFO - gtn_logger - GTN file loaded successfully
[2025-07-20 22:28:52] INFO - gtn_logger - GTN count: 36 
 employee_ids: ['1000', '1001', '1002', '1003', '1004', '1005', '1006', '1007', '1008', '1009', '1010', '1011', '1012', '1013', '1014', '1015', '1016', '1017', '1018', '1019', '1020', '1021', '1022', '1023', '1024', '1025', '1026', '1027', '1028', '1029', '1030', '1031', '1032', '1033', '1034', '1035']
[2025-07-20 22:28:52] INFO - gtn_logger - Payrun count: 36 
 employee_ids: ['1000.0', '1001.0', '1002.0', '1003.0', '1004.0', '1005.0', '1006.0', '1007.0', '1008.0', '1009.0', '1010.0', '1011.0', '1012.0', '1013.0', '1014.0', '1015.0', '1016.0', '1017.0', '1018.0', '1019.0', '1020.0', '1021.0', '1022.0', '1023.0', '1024.0', '1025.0', '1026.0', '1027.0', '1028.0', '1029.0', '1030.0', '1031.0', '1032.0', '1033.0', '1034.0', '1035.0']
[2025-07-20 22:28:52] INFO - gtn_logger - 
GTN elements: ['salary', 'element1', 'element2', 'element3', 'element4', 'element5', 'element6', 'element7', 'element8', 'element9', 'element10']
[2025-07-20 22:28:52] INFO - gtn_logger - Payrun elements (combined): ['Add pay (Stay Overs)', 'Advance', 'Annual Salary', 'BIK Company Car', 'BIK Health', 'BIK Health Deduction / BIK Health', 'BIK Voucher Deduction', 'BIK Voucher Payment', 'Backpay', 'Basic Pay / SalaryUK', 'Bonus', 'Business Unit', 'Commission', 'Company', 'Company Code', 'Cost Center', 'Country', 'Currency', 'Department', 'Effective Date', 'Employee Deductions', 'Employee ID', 'Employee Net Deductions', 'Employer Contributions', 'End Date', 'Enhanced AL', 'Enhanced Annual Leave', 'First Name', 'From Date', 'Gross Pay', 'Holiday Pay / Holiday pay', 'Last Name', 'Management P&L', 'National Insurance EE', 'National Insurance ER', 'Net Income', 'Net Pay', 'Ni Category Letter', 'Notes', 'Other Employee ID', 'Overtime', 'PILON', 'Pay Date', 'Pay elements', 'Paygroup', 'Payment Type', 'Payroll', 'Pension ER', 'Post Tax Pension EE', 'Regular Overtime', 'Start Date', 'Statutory Redundancy', 'Student Loan', 'System Employee ID', 'Tax', 'Tax Code', 'Time and Attendance', 'To Date', 'Total Employer Cost', 'Total Taxable Income']
[2025-07-20 22:28:52] INFO - gtn_logger - 
Sample payrun data:
   Basic Pay / SalaryUK  BIK Health  ...  National Insurance ER  Pension ER
0               3277.67       52.23  ...                    NaN         NaN
1               2525.50         NaN  ...                    NaN         NaN
2               6166.67       65.39  ...                    NaN         NaN
3               2250.00         NaN  ...                    NaN         NaN
4               2619.58         NaN  ...                    NaN         NaN

[5 rows x 23 columns]
[2025-07-20 22:28:54] INFO - gtn_logger - GTN file loaded successfully
[2025-07-20 22:28:54] INFO - gtn_logger - GTN count: 36 
 employee_ids: ['1000', '1001', '1002', '1003', '1004', '1005', '1006', '1007', '1008', '1009', '1010', '1011', '1012', '1013', '1014', '1015', '1016', '1017', '1018', '1019', '1020', '1021', '1022', '1023', '1024', '1025', '1026', '1027', '1028', '1029', '1030', '1031', '1032', '1033', '1034', '1035']
[2025-07-20 22:28:54] INFO - gtn_logger - Payrun count: 36 
 employee_ids: ['1000.0', '1001.0', '1002.0', '1003.0', '1004.0', '1005.0', '1006.0', '1007.0', '1008.0', '1009.0', '1010.0', '1011.0', '1012.0', '1013.0', '1014.0', '1015.0', '1016.0', '1017.0', '1018.0', '1019.0', '1020.0', '1021.0', '1022.0', '1023.0', '1024.0', '1025.0', '1026.0', '1027.0', '1028.0', '1029.0', '1030.0', '1031.0', '1032.0', '1033.0', '1034.0', '1035.0']
[2025-07-20 22:28:54] INFO - gtn_logger - 
GTN elements: ['salary', 'element1', 'element2', 'element3', 'element4', 'element5', 'element6', 'element7', 'element8', 'element9', 'element10']
[2025-07-20 22:28:54] INFO - gtn_logger - Payrun elements (combined): ['Add pay (Stay Overs)', 'Advance', 'Annual Salary', 'BIK Company Car', 'BIK Health', 'BIK Health Deduction / BIK Health', 'BIK Voucher Deduction', 'BIK Voucher Payment', 'Backpay', 'Basic Pay / SalaryUK', 'Bonus', 'Business Unit', 'Commission', 'Company', 'Company Code', 'Cost Center', 'Country', 'Currency', 'Department', 'Effective Date', 'Employee Deductions', 'Employee ID', 'Employee Net Deductions', 'Employer Contributions', 'End Date', 'Enhanced AL', 'Enhanced Annual Leave', 'First Name', 'From Date', 'Gross Pay', 'Holiday Pay / Holiday pay', 'Last Name', 'Management P&L', 'National Insurance EE', 'National Insurance ER', 'Net Income', 'Net Pay', 'Ni Category Letter', 'Notes', 'Other Employee ID', 'Overtime', 'PILON', 'Pay Date', 'Pay elements', 'Paygroup', 'Payment Type', 'Payroll', 'Pension ER', 'Post Tax Pension EE', 'Regular Overtime', 'Start Date', 'Statutory Redundancy', 'Student Loan', 'System Employee ID', 'Tax', 'Tax Code', 'Time and Attendance', 'To Date', 'Total Employer Cost', 'Total Taxable Income']
[2025-07-20 22:28:54] INFO - gtn_logger - 
Sample payrun data:
   Basic Pay / SalaryUK  BIK Health  ...  National Insurance ER  Pension ER
0               3277.67       52.23  ...                    NaN         NaN
1               2525.50         NaN  ...                    NaN         NaN
2               6166.67       65.39  ...                    NaN         NaN
3               2250.00         NaN  ...                    NaN         NaN
4               2619.58         NaN  ...                    NaN         NaN

[5 rows x 23 columns]
[2025-07-20 22:29:09] INFO - gtn_logger - GTN count: 36 
 employee_ids: ['1000', '1001', '1002', '1003', '1004', '1005', '1006', '1007', '1008', '1009', '1010', '1011', '1012', '1013', '1014', '1015', '1016', '1017', '1018', '1019', '1020', '1021', '1022', '1023', '1024', '1025', '1026', '1027', '1028', '1029', '1030', '1031', '1032', '1033', '1034', '1035']
[2025-07-20 22:29:09] INFO - gtn_logger - Payrun count: 36 
 employee_ids: ['1000.0', '1001.0', '1002.0', '1003.0', '1004.0', '1005.0', '1006.0', '1007.0', '1008.0', '1009.0', '1010.0', '1011.0', '1012.0', '1013.0', '1014.0', '1015.0', '1016.0', '1017.0', '1018.0', '1019.0', '1020.0', '1021.0', '1022.0', '1023.0', '1024.0', '1025.0', '1026.0', '1027.0', '1028.0', '1029.0', '1030.0', '1031.0', '1032.0', '1033.0', '1034.0', '1035.0']
[2025-07-20 22:29:09] INFO - gtn_logger - 
GTN elements: ['salary', 'element1', 'element2', 'element3', 'element4', 'element5', 'element6', 'element7', 'element8', 'element9', 'element10']
[2025-07-20 22:29:09] INFO - gtn_logger - Payrun elements (combined): ['Add pay (Stay Overs)', 'Advance', 'Annual Salary', 'BIK Company Car', 'BIK Health', 'BIK Health Deduction / BIK Health', 'BIK Voucher Deduction', 'BIK Voucher Payment', 'Backpay', 'Basic Pay / SalaryUK', 'Bonus', 'Business Unit', 'Commission', 'Company', 'Company Code', 'Cost Center', 'Country', 'Currency', 'Department', 'Effective Date', 'Employee Deductions', 'Employee ID', 'Employee Net Deductions', 'Employer Contributions', 'End Date', 'Enhanced AL', 'Enhanced Annual Leave', 'First Name', 'From Date', 'Gross Pay', 'Holiday Pay / Holiday pay', 'Last Name', 'Management P&L', 'National Insurance EE', 'National Insurance ER', 'Net Income', 'Net Pay', 'Ni Category Letter', 'Notes', 'Other Employee ID', 'Overtime', 'PILON', 'Pay Date', 'Pay elements', 'Paygroup', 'Payment Type', 'Payroll', 'Pension ER', 'Post Tax Pension EE', 'Regular Overtime', 'Start Date', 'Statutory Redundancy', 'Student Loan', 'System Employee ID', 'Tax', 'Tax Code', 'Time and Attendance', 'To Date', 'Total Employer Cost', 'Total Taxable Income']
[2025-07-20 22:29:09] INFO - gtn_logger - 
Sample payrun data:
   Basic Pay / SalaryUK  BIK Health  ...  National Insurance ER  Pension ER
0               3277.67       52.23  ...                    NaN         NaN
1               2525.50         NaN  ...                    NaN         NaN
2               6166.67       65.39  ...                    NaN         NaN
3               2250.00         NaN  ...                    NaN         NaN
4               2619.58         NaN  ...                    NaN         NaN

[5 rows x 23 columns]
[2025-07-20 22:30:23] INFO - gtn_logger - Employee comparison completed
[2025-07-20 22:30:23] INFO - gtn_logger - Missing in GTN: ['1003']
[2025-07-20 22:30:23] INFO - gtn_logger - Missing in Payrun: ['1002']
[2025-07-20 22:30:23] INFO - gtn_logger - Missing mapped GTN elements: ['element6']
[2025-07-20 22:30:23] INFO - gtn_logger - Missing mapped Payrun elements: ['Net Pay']
[2025-07-20 22:31:38] INFO - gtn_logger - Employee comparison completed
[2025-07-20 22:31:38] INFO - gtn_logger - 
--- Employee ID Comparison ---
[2025-07-20 22:31:38] INFO - gtn_logger - Missing in GTN: []
[2025-07-20 22:31:38] INFO - gtn_logger - Missing in Payrun: []
[2025-07-20 22:31:38] INFO - gtn_logger - 
--- Pay Element Comparison ---
[2025-07-20 22:31:38] INFO - gtn_logger - Missing mapped GTN elements: []
[2025-07-20 22:31:38] INFO - gtn_logger - Missing mapped Payrun elements: []
[2025-07-20 22:31:38] INFO - gtn_logger - 
--- Mapped Payrun Data (target columns) ---
[2025-07-20 22:31:38] INFO - gtn_logger - Columns: ['Net Pay', 'Tax', 'Pension ER', 'Gross Pay', 'BIK Voucher Payment', 'Basic Pay / SalaryUK', 'BIK Health', 'Bonus', 'Backpay', 'Total Employer Cost']
[2025-07-20 22:31:38] INFO - gtn_logger - Sample data:
   Net Pay  Tax  Pension ER  ...  Bonus  Backpay  Total Employer Cost
0      NaN  NaN         NaN  ...    NaN  -513.56                  NaN
1      NaN  NaN         NaN  ...    NaN      NaN                  NaN
2      NaN  NaN         NaN  ...    NaN      NaN                  NaN
3      NaN  NaN         NaN  ...    NaN      NaN                  NaN
4      NaN  NaN         NaN  ...    NaN  -390.92                  NaN

[5 rows x 10 columns]
[2025-07-20 22:31:38] INFO - gtn_logger - GTN numeric validation completed
[2025-07-20 22:31:38] INFO - gtn_logger - 
--- GTN Numeric Value Check ---
[2025-07-20 22:31:38] INFO - gtn_logger - All mapped GTN element columns are numeric.
[2025-07-20 22:31:59] INFO - payslip_logger - Employee comparison completed
[2025-07-20 22:31:59] INFO - payslip_logger - 
--- Employee ID Comparison ---
[2025-07-20 22:31:59] INFO - payslip_logger - Missing in GTN: []
[2025-07-20 22:31:59] INFO - payslip_logger - Missing in Payrun: []
[2025-07-20 22:31:59] INFO - payslip_logger - 
--- Pay Element Comparison ---
[2025-07-20 22:31:59] INFO - payslip_logger - Missing mapped GTN elements: []
[2025-07-20 22:31:59] INFO - payslip_logger - Missing mapped Payrun elements: []
[2025-07-20 22:31:59] INFO - payslip_logger - 
--- Mapped Payrun Data (target columns) ---
[2025-07-20 22:31:59] INFO - payslip_logger - Columns: ['Net Pay', 'Tax', 'Pension ER', 'Gross Pay', 'BIK Voucher Payment', 'Basic Pay / SalaryUK', 'BIK Health', 'Bonus', 'Backpay', 'Total Employer Cost']
[2025-07-20 22:31:59] INFO - payslip_logger - Sample data:
   Net Pay  Tax  Pension ER  ...  Bonus  Backpay  Total Employer Cost
0      NaN  NaN         NaN  ...    NaN  -513.56                  NaN
1      NaN  NaN         NaN  ...    NaN      NaN                  NaN
2      NaN  NaN         NaN  ...    NaN      NaN                  NaN
3      NaN  NaN         NaN  ...    NaN      NaN                  NaN
4      NaN  NaN         NaN  ...    NaN  -390.92                  NaN

[5 rows x 10 columns]
[2025-07-20 22:31:59] INFO - payslip_logger - GTN numeric validation completed
[2025-07-20 22:31:59] INFO - payslip_logger - 
--- GTN Numeric Value Check ---
[2025-07-20 22:31:59] INFO - payslip_logger - All mapped GTN element columns are numeric.
[2025-07-20 22:33:50] INFO - payslip_logger - Employee comparison completed
[2025-07-20 22:33:50] INFO - payslip_logger - 
--- Employee ID Comparison ---
[2025-07-20 22:33:50] INFO - payslip_logger - Missing in GTN: []
[2025-07-20 22:33:50] INFO - payslip_logger - Missing in Payrun: []
[2025-07-20 22:33:50] INFO - payslip_logger - 
--- Pay Element Comparison ---
[2025-07-20 22:33:50] INFO - payslip_logger - Missing mapped GTN elements: []
[2025-07-20 22:33:50] INFO - payslip_logger - Missing mapped Payrun elements: []
[2025-07-20 22:33:51] INFO - payslip_logger - 
--- Mapped Payrun Data (target columns) ---
[2025-07-20 22:33:51] INFO - payslip_logger - Columns: ['Net Pay', 'Tax', 'Pension ER', 'Gross Pay', 'BIK Voucher Payment', 'Basic Pay / SalaryUK', 'BIK Health', 'Bonus', 'Backpay', 'Total Employer Cost']
[2025-07-20 22:33:51] INFO - payslip_logger - Sample data:
   Net Pay  Tax  Pension ER  ...  Bonus  Backpay  Total Employer Cost
0      NaN  NaN         NaN  ...    NaN  -513.56                  NaN
1      NaN  NaN         NaN  ...    NaN      NaN                  NaN
2      NaN  NaN         NaN  ...    NaN      NaN                  NaN
3      NaN  NaN         NaN  ...    NaN      NaN                  NaN
4      NaN  NaN         NaN  ...    NaN  -390.92                  NaN

[5 rows x 10 columns]
[2025-07-20 22:33:51] INFO - payslip_logger - GTN numeric validation completed
[2025-07-20 22:33:51] INFO - payslip_logger - 
--- GTN Numeric Value Check ---
[2025-07-20 22:33:51] INFO - payslip_logger - All mapped GTN element columns are numeric.
[2025-07-20 22:36:13] INFO - payslip_logger - Employee comparison completed
[2025-07-20 22:36:13] INFO - payslip_logger - Employee comparison completed
[2025-07-20 22:36:13] INFO - payslip_logger - Employee comparison completed
[2025-07-20 22:36:13] INFO - payslip_logger - Employee comparison completed
[2025-07-20 22:44:28] INFO - payslip_logger - GTN numeric validation completed
[2025-07-20 22:44:28] WARNING - payslip_logger - Non-numeric values found
[2025-07-20 22:44:28] WARNING - payslip_logger - Non-numeric values found
[2025-07-20 22:44:28] WARNING - payslip_logger - Non-numeric values found
[2025-07-20 22:44:28] WARNING - payslip_logger - Non-numeric values found
[2025-07-20 22:44:28] INFO - payslip_logger - GTN numeric validation completed
[2025-07-20 22:44:49] INFO - payslip_logger - Employee comparison completed
[2025-07-20 22:44:49] INFO - payslip_logger - Employee comparison completed
[2025-07-20 22:44:49] INFO - payslip_logger - Employee comparison completed
[2025-07-20 22:44:49] INFO - payslip_logger - Employee comparison completed
[2025-07-20 22:44:49] INFO - payslip_logger - GTN numeric validation completed
[2025-07-20 22:44:49] WARNING - payslip_logger - Non-numeric values found
[2025-07-20 22:44:49] WARNING - payslip_logger - Non-numeric values found
[2025-07-20 22:44:49] WARNING - payslip_logger - Non-numeric values found
[2025-07-20 22:44:49] WARNING - payslip_logger - Non-numeric values found
[2025-07-20 22:44:49] INFO - payslip_logger - GTN numeric validation completed
